31/01/2015 16:39:30 (Std) 	+-+-+-+-+-+-+-+-+-+-+-+-+-+-+-+-+-+-+-+-+-+-+-+-+-+-+-+-+-+-+-+-+-+-+-+-+-+-+-+
31/01/2015 16:39:30 (Std) 	+                     Crazy Eddie's GUI System - Event log                    +
31/01/2015 16:39:30 (Std) 	+                          (http://www.cegui.org.uk/)                         +
31/01/2015 16:39:30 (Std) 	+-+-+-+-+-+-+-+-+-+-+-+-+-+-+-+-+-+-+-+-+-+-+-+-+-+-+-+-+-+-+-+-+-+-+-+-+-+-+-+

31/01/2015 16:39:30 (Std) 	CEGUI::Logger singleton created. (017B2A78)
31/01/2015 16:39:30 (Std) 	
31/01/2015 16:39:30 (Std) 	********************************************************************************
31/01/2015 16:39:30 (Std) 	* Important:                                                                   *
31/01/2015 16:39:30 (Std) 	*     To get support at the CEGUI forums, you must post _at least_ the section *
31/01/2015 16:39:30 (Std) 	*     of this log file indicated below.  Failure to do this will result in no  *
31/01/2015 16:39:30 (Std) 	*     support being given; please do not waste our time.                       *
31/01/2015 16:39:30 (Std) 	********************************************************************************
31/01/2015 16:39:30 (Std) 	********************************************************************************
31/01/2015 16:39:30 (Std) 	* -------- START OF ESSENTIAL SECTION TO BE POSTED ON THE FORUM       -------- *
31/01/2015 16:39:30 (Std) 	********************************************************************************
31/01/2015 16:39:30 (Std) 	---- Version 0.7.9 (Build: Dec 13 2014 Microsoft Windows g++ 4.8.1 32 bit) ----
31/01/2015 16:39:30 (Std) 	---- Renderer module is: CEGUI::OgreRenderer - Official OGRE based 2nd generation renderer module. ----
31/01/2015 16:39:30 (Std) 	---- XML Parser module is: CEGUI::ExpatParser - Official expat based parser module for CEGUI ----
31/01/2015 16:39:30 (Std) 	---- Image Codec module is: OgreImageCodec - Integrated ImageCodec using the Ogre engine. ----
31/01/2015 16:39:30 (Std) 	---- Scripting module is: None ----
31/01/2015 16:39:30 (Std) 	********************************************************************************
31/01/2015 16:39:30 (Std) 	* -------- END OF ESSENTIAL SECTION TO BE POSTED ON THE FORUM         -------- *
31/01/2015 16:39:30 (Std) 	********************************************************************************
31/01/2015 16:39:30 (Std) 	
31/01/2015 16:39:30 (Std) 	---- Begining CEGUI System initialisation ----
31/01/2015 16:39:30 (Std) 	CEGUI::ImagesetManager singleton created (017B2E30)
31/01/2015 16:39:30 (Std) 	CEGUI::FontManager singleton created. (017B2C48)
31/01/2015 16:39:30 (Std) 	CEGUI::WindowFactoryManager singleton created
31/01/2015 16:39:30 (Std) 	CEGUI::WindowManager singleton created (017B1460)
31/01/2015 16:39:30 (Std) 	CEGUI::SchemeManager singleton created. (017B44B0)
31/01/2015 16:39:30 (Std) 	CEGUI::MouseCursor singleton created. (017B1740)
31/01/2015 16:39:30 (Std) 	CEGUI::GlobalEventSet singleton created. (017B0C78)
31/01/2015 16:39:30 (Std) 	CEGUI::AnimationManager singleton created (017B3028)
31/01/2015 16:39:30 (Std) 	CEGUI::WidgetLookManager singleton created. (017AC590)
31/01/2015 16:39:30 (Std) 	CEGUI::WindowRendererManager singleton created (017AC490)
31/01/2015 16:39:30 (Std) 	CEGUI::RenderEffectManager singleton created (017AD940)
31/01/2015 16:39:30 (Std) 	Created WindowFactory for 'DefaultWindow' windows.
31/01/2015 16:39:30 (Std) 	WindowFactory for 'DefaultWindow' windows added. (017B4A10)
31/01/2015 16:39:30 (Std) 	Created WindowFactory for 'DragContainer' windows.
31/01/2015 16:39:30 (Std) 	WindowFactory for 'DragContainer' windows added. (017B6778)
31/01/2015 16:39:30 (Std) 	Created WindowFactory for 'ScrolledContainer' windows.
31/01/2015 16:39:30 (Std) 	WindowFactory for 'ScrolledContainer' windows added. (017B6820)
31/01/2015 16:39:30 (Std) 	Created WindowFactory for 'ClippedContainer' windows.
31/01/2015 16:39:30 (Std) 	WindowFactory for 'ClippedContainer' windows added. (017B68C8)
31/01/2015 16:39:30 (Std) 	Created WindowFactory for 'CEGUI/Checkbox' windows.
31/01/2015 16:39:30 (Std) 	WindowFactory for 'CEGUI/Checkbox' windows added. (017B6970)
31/01/2015 16:39:30 (Std) 	Created WindowFactory for 'CEGUI/PushButton' windows.
31/01/2015 16:39:30 (Std) 	WindowFactory for 'CEGUI/PushButton' windows added. (017B6A18)
31/01/2015 16:39:30 (Std) 	Created WindowFactory for 'CEGUI/RadioButton' windows.
31/01/2015 16:39:30 (Std) 	WindowFactory for 'CEGUI/RadioButton' windows added. (017B6AC0)
31/01/2015 16:39:30 (Std) 	Created WindowFactory for 'CEGUI/Combobox' windows.
31/01/2015 16:39:30 (Std) 	WindowFactory for 'CEGUI/Combobox' windows added. (017B6B68)
31/01/2015 16:39:30 (Std) 	Created WindowFactory for 'CEGUI/ComboDropList' windows.
31/01/2015 16:39:30 (Std) 	WindowFactory for 'CEGUI/ComboDropList' windows added. (017B6C10)
31/01/2015 16:39:30 (Std) 	Created WindowFactory for 'CEGUI/Editbox' windows.
31/01/2015 16:39:30 (Std) 	WindowFactory for 'CEGUI/Editbox' windows added. (017B6CB8)
31/01/2015 16:39:30 (Std) 	Created WindowFactory for 'CEGUI/FrameWindow' windows.
31/01/2015 16:39:30 (Std) 	WindowFactory for 'CEGUI/FrameWindow' windows added. (017B6D60)
31/01/2015 16:39:30 (Std) 	Created WindowFactory for 'CEGUI/ItemEntry' windows.
31/01/2015 16:39:30 (Std) 	WindowFactory for 'CEGUI/ItemEntry' windows added. (017B6E08)
31/01/2015 16:39:30 (Std) 	Created WindowFactory for 'CEGUI/Listbox' windows.
31/01/2015 16:39:30 (Std) 	WindowFactory for 'CEGUI/Listbox' windows added. (017B6EB0)
31/01/2015 16:39:30 (Std) 	Created WindowFactory for 'CEGUI/ListHeader' windows.
31/01/2015 16:39:30 (Std) 	WindowFactory for 'CEGUI/ListHeader' windows added. (017B7220)
31/01/2015 16:39:30 (Std) 	Created WindowFactory for 'CEGUI/ListHeaderSegment' windows.
31/01/2015 16:39:30 (Std) 	WindowFactory for 'CEGUI/ListHeaderSegment' windows added. (017B7370)
31/01/2015 16:39:30 (Std) 	Created WindowFactory for 'CEGUI/Menubar' windows.
31/01/2015 16:39:30 (Std) 	WindowFactory for 'CEGUI/Menubar' windows added. (017B76B8)
31/01/2015 16:39:30 (Std) 	Created WindowFactory for 'CEGUI/PopupMenu' windows.
31/01/2015 16:39:30 (Std) 	WindowFactory for 'CEGUI/PopupMenu' windows added. (017B78B0)
31/01/2015 16:39:30 (Std) 	Created WindowFactory for 'CEGUI/MenuItem' windows.
31/01/2015 16:39:30 (Std) 	WindowFactory for 'CEGUI/MenuItem' windows added. (017B7028)
31/01/2015 16:39:30 (Std) 	Created WindowFactory for 'CEGUI/MultiColumnList' windows.
31/01/2015 16:39:30 (Std) 	WindowFactory for 'CEGUI/MultiColumnList' windows added. (017B72C8)
31/01/2015 16:39:30 (Std) 	Created WindowFactory for 'CEGUI/MultiLineEditbox' windows.
31/01/2015 16:39:30 (Std) 	WindowFactory for 'CEGUI/MultiLineEditbox' windows added. (017B7418)
31/01/2015 16:39:30 (Std) 	Created WindowFactory for 'CEGUI/ProgressBar' windows.
31/01/2015 16:39:30 (Std) 	WindowFactory for 'CEGUI/ProgressBar' windows added. (017B7958)
31/01/2015 16:39:30 (Std) 	Created WindowFactory for 'CEGUI/ScrollablePane' windows.
31/01/2015 16:39:30 (Std) 	WindowFactory for 'CEGUI/ScrollablePane' windows added. (017B7610)
31/01/2015 16:39:30 (Std) 	Created WindowFactory for 'CEGUI/Scrollbar' windows.
31/01/2015 16:39:30 (Std) 	WindowFactory for 'CEGUI/Scrollbar' windows added. (017B7178)
31/01/2015 16:39:30 (Std) 	Created WindowFactory for 'CEGUI/Slider' windows.
31/01/2015 16:39:30 (Std) 	WindowFactory for 'CEGUI/Slider' windows added. (017B7808)
31/01/2015 16:39:30 (Std) 	Created WindowFactory for 'CEGUI/Spinner' windows.
31/01/2015 16:39:30 (Std) 	WindowFactory for 'CEGUI/Spinner' windows added. (017B7A00)
31/01/2015 16:39:30 (Std) 	Created WindowFactory for 'CEGUI/TabButton' windows.
31/01/2015 16:39:30 (Std) 	WindowFactory for 'CEGUI/TabButton' windows added. (017B74C0)
31/01/2015 16:39:30 (Std) 	Created WindowFactory for 'CEGUI/TabControl' windows.
31/01/2015 16:39:30 (Std) 	WindowFactory for 'CEGUI/TabControl' windows added. (017B7568)
31/01/2015 16:39:30 (Std) 	Created WindowFactory for 'CEGUI/Thumb' windows.
31/01/2015 16:39:30 (Std) 	WindowFactory for 'CEGUI/Thumb' windows added. (017B7D48)
31/01/2015 16:39:30 (Std) 	Created WindowFactory for 'CEGUI/Titlebar' windows.
31/01/2015 16:39:30 (Std) 	WindowFactory for 'CEGUI/Titlebar' windows added. (017B70D0)
31/01/2015 16:39:30 (Std) 	Created WindowFactory for 'CEGUI/Tooltip' windows.
31/01/2015 16:39:30 (Std) 	WindowFactory for 'CEGUI/Tooltip' windows added. (017B7760)
31/01/2015 16:39:30 (Std) 	Created WindowFactory for 'CEGUI/ItemListbox' windows.
31/01/2015 16:39:30 (Std) 	WindowFactory for 'CEGUI/ItemListbox' windows added. (017B7AA8)
31/01/2015 16:39:30 (Std) 	Created WindowFactory for 'CEGUI/GroupBox' windows.
31/01/2015 16:39:30 (Std) 	WindowFactory for 'CEGUI/GroupBox' windows added. (017B7B50)
31/01/2015 16:39:30 (Std) 	Created WindowFactory for 'CEGUI/Tree' windows.
31/01/2015 16:39:30 (Std) 	WindowFactory for 'CEGUI/Tree' windows added. (017B7DF0)
31/01/2015 16:39:30 (Std) 	Created WindowFactory for 'HorizontalLayoutContainer' windows.
31/01/2015 16:39:30 (Std) 	WindowFactory for 'HorizontalLayoutContainer' windows added. (017B7E98)
31/01/2015 16:39:30 (Std) 	Created WindowFactory for 'VerticalLayoutContainer' windows.
31/01/2015 16:39:30 (Std) 	WindowFactory for 'VerticalLayoutContainer' windows added. (017B6F80)
31/01/2015 16:39:30 (Std) 	Created WindowFactory for 'GridLayoutContainer' windows.
31/01/2015 16:39:30 (Std) 	WindowFactory for 'GridLayoutContainer' windows added. (017B7BF8)
31/01/2015 16:39:30 (Std) 	Window type alias named 'DefaultGUISheet' added for window type 'DefaultWindow'.
31/01/2015 16:39:30 (Std) 	CEGUI::System singleton created. (017B2800)
31/01/2015 16:39:30 (Std) 	---- CEGUI System initialisation completed ----
31/01/2015 16:39:30 (Std) 	
31/01/2015 16:39:30 (Std) 	Started creation of Scheme from XML specification:
31/01/2015 16:39:30 (Std) 	---- CEGUI GUIScheme name: TaharezLook
31/01/2015 16:39:30 (Std) 	Started creation of Imageset from XML specification:
31/01/2015 16:39:30 (Std) 	---- CEGUI Imageset name: TaharezLook
31/01/2015 16:39:30 (Std) 	---- Source texture file: TaharezLook.tga in resource group: (Default)
31/01/2015 16:39:30 (Std) 	Started creation of Font from XML specification:
31/01/2015 16:39:30 (Std) 	---- CEGUI font name: DejaVuSans-5
31/01/2015 16:39:30 (Std) 	----       Font type: FreeType
31/01/2015 16:39:30 (Std) 	----     Source file: DejaVuSans.ttf in resource group: (Default)
31/01/2015 16:39:30 (Std) 	---- Real point size: 8
31/01/2015 16:39:30 (Std) 	Started creation of Font from XML specification:
31/01/2015 16:39:30 (Std) 	---- CEGUI font name: DejaVuSans-10
31/01/2015 16:39:30 (Std) 	----       Font type: FreeType
31/01/2015 16:39:30 (Std) 	----     Source file: DejaVuSans.ttf in resource group: (Default)
31/01/2015 16:39:30 (Std) 	---- Real point size: 10
31/01/2015 16:39:30 (Std) 	Started creation of Font from XML specification:
31/01/2015 16:39:30 (Std) 	---- CEGUI font name: DejaVuSans-15
31/01/2015 16:39:30 (Std) 	----       Font type: FreeType
31/01/2015 16:39:30 (Std) 	----     Source file: DejaVuSans.ttf in resource group: (Default)
31/01/2015 16:39:30 (Std) 	---- Real point size: 15
31/01/2015 16:39:30 (Std) 	Started creation of Font from XML specification:
31/01/2015 16:39:30 (Std) 	---- CEGUI font name: DejaVuSans-30
31/01/2015 16:39:30 (Std) 	----       Font type: FreeType
31/01/2015 16:39:30 (Std) 	----     Source file: DejaVuSans.ttf in resource group: (Default)
31/01/2015 16:39:30 (Std) 	---- Real point size: 30
31/01/2015 16:39:30 (Std) 	Started creation of Font from XML specification:
31/01/2015 16:39:30 (Std) 	---- CEGUI font name: Batang-26
31/01/2015 16:39:30 (Std) 	----       Font type: FreeType
31/01/2015 16:39:30 (Std) 	----     Source file: batang.ttf in resource group: (Default)
31/01/2015 16:39:30 (Std) 	---- Real point size: 26
31/01/2015 16:39:31 (Std) 	===== Falagard 'root' element: look and feel parsing begins =====
31/01/2015 16:39:31 (Std) 	===== Look and feel parsing completed =====
31/01/2015 16:39:31 (Std) 	No window renderer factories specified for module 'CEGUIFalagardWRBase' - adding all available factories...
31/01/2015 16:39:31 (Std) 	Created WindowRendererFactory for 'Falagard/Button' WindowRenderers.
31/01/2015 16:39:31 (Std) 	WindowRendererFactory 'Falagard/Button' added. (017BA0A0)
31/01/2015 16:39:31 (Std) 	Created WindowRendererFactory for 'Falagard/Default' WindowRenderers.
31/01/2015 16:39:31 (Std) 	WindowRendererFactory 'Falagard/Default' added. (017BB450)
31/01/2015 16:39:31 (Std) 	Created WindowRendererFactory for 'Falagard/Editbox' WindowRenderers.
31/01/2015 16:39:31 (Std) 	WindowRendererFactory 'Falagard/Editbox' added. (017BA538)
31/01/2015 16:39:31 (Std) 	Created WindowRendererFactory for 'Falagard/FrameWindow' WindowRenderers.
31/01/2015 16:39:31 (Std) 	WindowRendererFactory 'Falagard/FrameWindow' added. (017BADC0)
31/01/2015 16:39:31 (Std) 	Created WindowRendererFactory for 'Falagard/ItemEntry' WindowRenderers.
31/01/2015 16:39:31 (Std) 	WindowRendererFactory 'Falagard/ItemEntry' added. (017BA730)
31/01/2015 16:39:31 (Std) 	Created WindowRendererFactory for 'Falagard/ListHeader' WindowRenderers.
31/01/2015 16:39:31 (Std) 	WindowRendererFactory 'Falagard/ListHeader' added. (017BA688)
31/01/2015 16:39:31 (Std) 	Created WindowRendererFactory for 'Falagard/ListHeaderSegment' WindowRenderers.
31/01/2015 16:39:31 (Std) 	WindowRendererFactory 'Falagard/ListHeaderSegment' added. (017BA3E8)
31/01/2015 16:39:31 (Std) 	Created WindowRendererFactory for 'Falagard/Listbox' WindowRenderers.
31/01/2015 16:39:31 (Std) 	WindowRendererFactory 'Falagard/Listbox' added. (017BA7D8)
31/01/2015 16:39:31 (Std) 	Created WindowRendererFactory for 'Falagard/Menubar' WindowRenderers.
31/01/2015 16:39:31 (Std) 	WindowRendererFactory 'Falagard/Menubar' added. (017BA490)
31/01/2015 16:39:31 (Std) 	Created WindowRendererFactory for 'Falagard/MenuItem' WindowRenderers.
31/01/2015 16:39:31 (Std) 	WindowRendererFactory 'Falagard/MenuItem' added. (017BA148)
31/01/2015 16:39:31 (Std) 	Created WindowRendererFactory for 'Falagard/MultiColumnList' WindowRenderers.
31/01/2015 16:39:31 (Std) 	WindowRendererFactory 'Falagard/MultiColumnList' added. (017BA880)
31/01/2015 16:39:31 (Std) 	Created WindowRendererFactory for 'Falagard/MultiLineEditbox' WindowRenderers.
31/01/2015 16:39:31 (Std) 	WindowRendererFactory 'Falagard/MultiLineEditbox' added. (017BAD18)
31/01/2015 16:39:31 (Std) 	Created WindowRendererFactory for 'Falagard/PopupMenu' WindowRenderers.
31/01/2015 16:39:31 (Std) 	WindowRendererFactory 'Falagard/PopupMenu' added. (017BA1F0)
31/01/2015 16:39:31 (Std) 	Created WindowRendererFactory for 'Falagard/ProgressBar' WindowRenderers.
31/01/2015 16:39:31 (Std) 	WindowRendererFactory 'Falagard/ProgressBar' added. (017BA298)
31/01/2015 16:39:31 (Std) 	Created WindowRendererFactory for 'Falagard/ScrollablePane' WindowRenderers.
31/01/2015 16:39:31 (Std) 	WindowRendererFactory 'Falagard/ScrollablePane' added. (017BA928)
31/01/2015 16:39:31 (Std) 	Created WindowRendererFactory for 'Falagard/Scrollbar' WindowRenderers.
31/01/2015 16:39:31 (Std) 	WindowRendererFactory 'Falagard/Scrollbar' added. (017BAB20)
31/01/2015 16:39:31 (Std) 	Created WindowRendererFactory for 'Falagard/Slider' WindowRenderers.
31/01/2015 16:39:31 (Std) 	WindowRendererFactory 'Falagard/Slider' added. (017BABC8)
31/01/2015 16:39:31 (Std) 	Created WindowRendererFactory for 'Falagard/Static' WindowRenderers.
31/01/2015 16:39:31 (Std) 	WindowRendererFactory 'Falagard/Static' added. (017BA340)
31/01/2015 16:39:31 (Std) 	Created WindowRendererFactory for 'Falagard/StaticImage' WindowRenderers.
31/01/2015 16:39:31 (Std) 	WindowRendererFactory 'Falagard/StaticImage' added. (017BB3A8)
31/01/2015 16:39:31 (Std) 	Created WindowRendererFactory for 'Falagard/StaticText' WindowRenderers.
31/01/2015 16:39:31 (Std) 	WindowRendererFactory 'Falagard/StaticText' added. (017BA5E0)
31/01/2015 16:39:31 (Std) 	Created WindowRendererFactory for 'Falagard/SystemButton' WindowRenderers.
31/01/2015 16:39:31 (Std) 	WindowRendererFactory 'Falagard/SystemButton' added. (017BB300)
31/01/2015 16:39:31 (Std) 	Created WindowRendererFactory for 'Falagard/TabButton' WindowRenderers.
31/01/2015 16:39:31 (Std) 	WindowRendererFactory 'Falagard/TabButton' added. (017BAC70)
31/01/2015 16:39:31 (Std) 	Created WindowRendererFactory for 'Falagard/TabControl' WindowRenderers.
31/01/2015 16:39:31 (Std) 	WindowRendererFactory 'Falagard/TabControl' added. (017BAE68)
31/01/2015 16:39:31 (Std) 	Created WindowRendererFactory for 'Falagard/Titlebar' WindowRenderers.
31/01/2015 16:39:31 (Std) 	WindowRendererFactory 'Falagard/Titlebar' added. (017BAF10)
31/01/2015 16:39:31 (Std) 	Created WindowRendererFactory for 'Falagard/ToggleButton' WindowRenderers.
31/01/2015 16:39:31 (Std) 	WindowRendererFactory 'Falagard/ToggleButton' added. (017BAFB8)
31/01/2015 16:39:31 (Std) 	Created WindowRendererFactory for 'Falagard/Tooltip' WindowRenderers.
31/01/2015 16:39:31 (Std) 	WindowRendererFactory 'Falagard/Tooltip' added. (017BB108)
31/01/2015 16:39:31 (Std) 	Created WindowRendererFactory for 'Falagard/ItemListbox' WindowRenderers.
31/01/2015 16:39:31 (Std) 	WindowRendererFactory 'Falagard/ItemListbox' added. (017B7CA0)
31/01/2015 16:39:31 (Std) 	Created WindowRendererFactory for 'Falagard/Tree' WindowRenderers.
31/01/2015 16:39:31 (Std) 	WindowRendererFactory 'Falagard/Tree' added. (017BB1B0)
31/01/2015 16:39:31 (Std) 	Creating falagard mapping for type 'TaharezLook/Button' using base type 'CEGUI/PushButton', window renderer 'Falagard/Button' Look'N'Feel 'TaharezLook/Button' and RenderEffect ''. (0028D830)
31/01/2015 16:39:31 (Std) 	Creating falagard mapping for type 'TaharezLook/Checkbox' using base type 'CEGUI/Checkbox', window renderer 'Falagard/ToggleButton' Look'N'Feel 'TaharezLook/Checkbox' and RenderEffect ''. (0028D830)
31/01/2015 16:39:31 (Std) 	Creating falagard mapping for type 'TaharezLook/ImageButton' using base type 'CEGUI/PushButton', window renderer 'Falagard/Button' Look'N'Feel 'TaharezLook/ImageButton' and RenderEffect ''. (0028D830)
31/01/2015 16:39:31 (Std) 	Creating falagard mapping for type 'TaharezLook/RadioButton' using base type 'CEGUI/RadioButton', window renderer 'Falagard/ToggleButton' Look'N'Feel 'TaharezLook/RadioButton' and RenderEffect ''. (0028D830)
31/01/2015 16:39:31 (Std) 	Creating falagard mapping for type 'TaharezLook/FrameWindow' using base type 'CEGUI/FrameWindow', window renderer 'Falagard/FrameWindow' Look'N'Feel 'TaharezLook/FrameWindow' and RenderEffect ''. (0028D830)
31/01/2015 16:39:31 (Std) 	Creating falagard mapping for type 'TaharezLook/Titlebar' using base type 'CEGUI/Titlebar', window renderer 'Falagard/Titlebar' Look'N'Feel 'TaharezLook/Titlebar' and RenderEffect ''. (0028D830)
31/01/2015 16:39:31 (Std) 	Creating falagard mapping for type 'TaharezLook/SystemButton' using base type 'CEGUI/PushButton', window renderer 'Falagard/Button' Look'N'Feel 'TaharezLook/Button' and RenderEffect ''. (0028D830)
31/01/2015 16:39:31 (Std) 	Creating falagard mapping for type 'TaharezLook/Editbox' using base type 'CEGUI/Editbox', window renderer 'Falagard/Editbox' Look'N'Feel 'TaharezLook/Editbox' and RenderEffect ''. (0028D830)
31/01/2015 16:39:31 (Std) 	Creating falagard mapping for type 'TaharezLook/MultiLineEditbox' using base type 'CEGUI/MultiLineEditbox', window renderer 'Falagard/MultiLineEditbox' Look'N'Feel 'TaharezLook/MultiLineEditbox' and RenderEffect ''. (0028D830)
31/01/2015 16:39:31 (Std) 	Creating falagard mapping for type 'TaharezLook/Menubar' using base type 'CEGUI/Menubar', window renderer 'Falagard/Menubar' Look'N'Feel 'TaharezLook/Menubar' and RenderEffect ''. (0028D830)
31/01/2015 16:39:31 (Std) 	Creating falagard mapping for type 'TaharezLook/PopupMenu' using base type 'CEGUI/PopupMenu', window renderer 'Falagard/PopupMenu' Look'N'Feel 'TaharezLook/PopupMenu' and RenderEffect ''. (0028D830)
31/01/2015 16:39:31 (Std) 	Creating falagard mapping for type 'TaharezLook/MenuItem' using base type 'CEGUI/MenuItem', window renderer 'Falagard/MenuItem' Look'N'Feel 'TaharezLook/MenuItem' and RenderEffect ''. (0028D830)
31/01/2015 16:39:31 (Std) 	Creating falagard mapping for type 'TaharezLook/AlternateProgressBar' using base type 'CEGUI/ProgressBar', window renderer 'Falagard/ProgressBar' Look'N'Feel 'TaharezLook/AltProgressBar' and RenderEffect ''. (0028D830)
31/01/2015 16:39:31 (Std) 	Creating falagard mapping for type 'TaharezLook/ProgressBar' using base type 'CEGUI/ProgressBar', window renderer 'Falagard/ProgressBar' Look'N'Feel 'TaharezLook/ProgressBar' and RenderEffect ''. (0028D830)
31/01/2015 16:39:31 (Std) 	Creating falagard mapping for type 'TaharezLook/VUMeter' using base type 'CEGUI/ProgressBar', window renderer 'Falagard/ProgressBar' Look'N'Feel 'TaharezLook/VUMeter' and RenderEffect ''. (0028D830)
31/01/2015 16:39:31 (Std) 	Creating falagard mapping for type 'TaharezLook/VerticalScrollbar' using base type 'CEGUI/Scrollbar', window renderer 'Falagard/Scrollbar' Look'N'Feel 'TaharezLook/VerticalScrollbar' and RenderEffect ''. (0028D830)
31/01/2015 16:39:31 (Std) 	Creating falagard mapping for type 'TaharezLook/HorizontalScrollbar' using base type 'CEGUI/Scrollbar', window renderer 'Falagard/Scrollbar' Look'N'Feel 'TaharezLook/HorizontalScrollbar' and RenderEffect ''. (0028D830)
31/01/2015 16:39:31 (Std) 	Creating falagard mapping for type 'TaharezLook/VerticalScrollbarThumb' using base type 'CEGUI/Thumb', window renderer 'Falagard/Button' Look'N'Feel 'TaharezLook/VerticalScrollbarThumb' and RenderEffect ''. (0028D830)
31/01/2015 16:39:31 (Std) 	Creating falagard mapping for type 'TaharezLook/HorizontalScrollbarThumb' using base type 'CEGUI/Thumb', window renderer 'Falagard/Button' Look'N'Feel 'TaharezLook/HorizontalScrollbarThumb' and RenderEffect ''. (0028D830)
31/01/2015 16:39:31 (Std) 	Creating falagard mapping for type 'TaharezLook/LargeVerticalScrollbar' using base type 'CEGUI/Scrollbar', window renderer 'Falagard/Scrollbar' Look'N'Feel 'TaharezLook/LargeVerticalScrollbar' and RenderEffect ''. (0028D830)
31/01/2015 16:39:31 (Std) 	Creating falagard mapping for type 'TaharezLook/LargeVerticalScrollbarThumb' using base type 'CEGUI/Thumb', window renderer 'Falagard/Button' Look'N'Feel 'TaharezLook/LargeVerticalScrollbarThumb' and RenderEffect ''. (0028D830)
31/01/2015 16:39:31 (Std) 	Creating falagard mapping for type 'TaharezLook/TabButton' using base type 'CEGUI/TabButton', window renderer 'Falagard/TabButton' Look'N'Feel 'TaharezLook/TabButton' and RenderEffect ''. (0028D830)
31/01/2015 16:39:31 (Std) 	Creating falagard mapping for type 'TaharezLook/TabControl' using base type 'CEGUI/TabControl', window renderer 'Falagard/TabControl' Look'N'Feel 'TaharezLook/TabControl' and RenderEffect ''. (0028D830)
31/01/2015 16:39:31 (Std) 	Creating falagard mapping for type 'TaharezLook/TabContentPane' using base type 'DefaultWindow', window renderer 'Falagard/Default' Look'N'Feel 'TaharezLook/TabContentPane' and RenderEffect ''. (0028D830)
31/01/2015 16:39:31 (Std) 	Creating falagard mapping for type 'TaharezLook/TabButtonPane' using base type 'DefaultWindow', window renderer 'Falagard/Default' Look'N'Feel 'TaharezLook/TabButtonPane' and RenderEffect ''. (0028D830)
31/01/2015 16:39:31 (Std) 	Creating falagard mapping for type 'TaharezLook/ComboDropList' using base type 'CEGUI/ComboDropList', window renderer 'Falagard/Listbox' Look'N'Feel 'TaharezLook/ComboDropList' and RenderEffect ''. (0028D830)
31/01/2015 16:39:31 (Std) 	Creating falagard mapping for type 'TaharezLook/ComboEditbox' using base type 'CEGUI/Editbox', window renderer 'Falagard/Editbox' Look'N'Feel 'TaharezLook/ComboEditbox' and RenderEffect ''. (0028D830)
31/01/2015 16:39:31 (Std) 	Creating falagard mapping for type 'TaharezLook/Combobox' using base type 'CEGUI/Combobox', window renderer 'Falagard/Default' Look'N'Feel 'TaharezLook/Combobox' and RenderEffect ''. (0028D830)
31/01/2015 16:39:31 (Std) 	Creating falagard mapping for type 'TaharezLook/Listbox' using base type 'CEGUI/Listbox', window renderer 'Falagard/Listbox' Look'N'Feel 'TaharezLook/Listbox' and RenderEffect ''. (0028D830)
31/01/2015 16:39:31 (Std) 	Creating falagard mapping for type 'TaharezLook/ListHeader' using base type 'CEGUI/ListHeader', window renderer 'Falagard/ListHeader' Look'N'Feel 'TaharezLook/ListHeader' and RenderEffect ''. (0028D830)
31/01/2015 16:39:31 (Std) 	Creating falagard mapping for type 'TaharezLook/ListHeaderSegment' using base type 'CEGUI/ListHeaderSegment', window renderer 'Falagard/ListHeaderSegment' Look'N'Feel 'TaharezLook/ListHeaderSegment' and RenderEffect ''. (0028D830)
31/01/2015 16:39:31 (Std) 	Creating falagard mapping for type 'TaharezLook/MultiColumnList' using base type 'CEGUI/MultiColumnList', window renderer 'Falagard/MultiColumnList' Look'N'Feel 'TaharezLook/MultiColumnList' and RenderEffect ''. (0028D830)
31/01/2015 16:39:31 (Std) 	Creating falagard mapping for type 'TaharezLook/Slider' using base type 'CEGUI/Slider', window renderer 'Falagard/Slider' Look'N'Feel 'TaharezLook/Slider' and RenderEffect ''. (0028D830)
31/01/2015 16:39:31 (Std) 	Creating falagard mapping for type 'TaharezLook/SliderThumb' using base type 'CEGUI/Thumb', window renderer 'Falagard/Button' Look'N'Feel 'TaharezLook/SliderThumb' and RenderEffect ''. (0028D830)
31/01/2015 16:39:31 (Std) 	Creating falagard mapping for type 'TaharezLook/ScrollablePane' using base type 'CEGUI/ScrollablePane', window renderer 'Falagard/ScrollablePane' Look'N'Feel 'TaharezLook/ScrollablePane' and RenderEffect ''. (0028D830)
31/01/2015 16:39:31 (Std) 	Creating falagard mapping for type 'TaharezLook/Spinner' using base type 'CEGUI/Spinner', window renderer 'Falagard/Default' Look'N'Feel 'TaharezLook/Spinner' and RenderEffect ''. (0028D830)
31/01/2015 16:39:31 (Std) 	Creating falagard mapping for type 'TaharezLook/Tooltip' using base type 'CEGUI/Tooltip', window renderer 'Falagard/Tooltip' Look'N'Feel 'TaharezLook/Tooltip' and RenderEffect ''. (0028D830)
31/01/2015 16:39:31 (Std) 	Creating falagard mapping for type 'TaharezLook/StaticImage' using base type 'DefaultWindow', window renderer 'Falagard/StaticImage' Look'N'Feel 'TaharezLook/StaticImage' and RenderEffect ''. (0028D830)
31/01/2015 16:39:31 (Std) 	Creating falagard mapping for type 'TaharezLook/StaticText' using base type 'DefaultWindow', window renderer 'Falagard/StaticText' Look'N'Feel 'TaharezLook/StaticText' and RenderEffect ''. (0028D830)
31/01/2015 16:39:31 (Std) 	Creating falagard mapping for type 'TaharezLook/ItemListbox' using base type 'CEGUI/ItemListbox', window renderer 'Falagard/ItemListbox' Look'N'Feel 'TaharezLook/ItemListbox' and RenderEffect ''. (0028D830)
31/01/2015 16:39:31 (Std) 	Creating falagard mapping for type 'TaharezLook/ListboxItem' using base type 'CEGUI/ItemEntry', window renderer 'Falagard/ItemEntry' Look'N'Feel 'TaharezLook/ListboxItem' and RenderEffect ''. (0028D830)
31/01/2015 16:39:31 (Std) 	Creating falagard mapping for type 'TaharezLook/GroupBox' using base type 'CEGUI/GroupBox', window renderer 'Falagard/Default' Look'N'Feel 'TaharezLook/GroupBox' and RenderEffect ''. (0028D830)
31/01/2015 16:39:31 (Std) 	Creating falagard mapping for type 'TaharezLook/Tree' using base type 'CEGUI/Tree', window renderer 'Falagard/Tree' Look'N'Feel 'TaharezLook/Tree' and RenderEffect ''. (0028D830)
31/01/2015 16:39:31 (Std) 	---- Successfully completed loading of GUI layout from 'menuArkanoid.layout' ----
31/01/2015 16:39:34 (Std) 	Attempting to create Imageset 'DejaVuSans-10_auto_glyph_images_ ' with texture only.
31/01/2015 16:39:57 (Std) 	Attempting to create Imageset 'DejaVuSans-15_auto_glyph_images_ ' with texture only.
31/01/2015 16:39:57 (Std) 	---- Successfully completed loading of GUI layout from 'recordsArkanoid.layout' ----
31/01/2015 16:40:07 (Std) 	---- Successfully completed loading of GUI layout from 'menuArkanoid.layout' ----
